<?xml version="1.0" encoding="UTF-8"?>
<testsuite xmlns:xsi="http://www.w3.org/2001/XMLSchema-instance" xsi:noNamespaceSchemaLocation="https://maven.apache.org/surefire/maven-surefire-plugin/xsd/surefire-test-report-3.0.xsd" version="3.0" name="com.altheacruz.library.service.LibraryTest" time="0.087" tests="5" errors="0" skipped="0" failures="0">
  <properties>
[...]
</properties>
  <testcase name="testAddBook" classname="com.altheacruz.library.service.LibraryTest" time="0.045">
    <system-out><![CDATA[Book added successfully:
+-------+------------------------------------------------------------+-------------------------------------+---------------+-------+----------+
| RefNo | Title                                                      | Author                              | ISBN          | Year  | Category |
+-------+------------------------------------------------------------+-------------------------------------+---------------+-------+----------+
| 1     | Harry Potter and the Philosopher's Stone                   | J.K. Rowling                        | 9780590353403 | 1997  | Fantasy  |
+-------+------------------------------------------------------------+-------------------------------------+---------------+-------+----------+
Book added successfully:
+-------+------------------------------------------------------------+-------------------------------------+---------------+-------+----------+
| RefNo | Title                                                      | Author                              | ISBN          | Year  | Category |
+-------+------------------------------------------------------------+-------------------------------------+---------------+-------+----------+
| 2     | To Kill a Mockingbird                                      | Harper Lee                          | 9780061120084 | 1960  | Classic  |
+-------+------------------------------------------------------------+-------------------------------------+---------------+-------+----------+
Book added successfully:
+-------+------------------------------------------------------------+-------------------------------------+---------------+-------+----------+
| RefNo | Title                                                      | Author                              | ISBN          | Year  | Category |
+-------+------------------------------------------------------------+-------------------------------------+---------------+-------+----------+
| 3     | Sapiens: A Brief History of Humankind                      | Yuval Noah Harari                   | 9780062316097 | 2011  | History  |
+-------+------------------------------------------------------------+-------------------------------------+---------------+-------+----------+
Book added successfully:
+-------+------------------------------------------------------------+-------------------------------------+---------------+-------+----------+
| RefNo | Title                                                      | Author                              | ISBN          | Year  | Category |
+-------+------------------------------------------------------------+-------------------------------------+---------------+-------+----------+
| 4     | The Elements of Style                                      | William Strunk Jr. and E.B. White   | 9780205309023 | 1918  | Language |
+-------+------------------------------------------------------------+-------------------------------------+---------------+-------+----------+
Book added successfully:
+-------+------------------------------------------------------------+-------------------------------------+---------------+-------+----------+
| RefNo | Title                                                      | Author                              | ISBN          | Year  | Category |
+-------+------------------------------------------------------------+-------------------------------------+---------------+-------+----------+
| 5     | The Great Gatsby                                           | F. Scott Fitzgerald                 | 9780743273565 | 1925  | Classic  |
+-------+------------------------------------------------------------+-------------------------------------+---------------+-------+----------+
Book added successfully:
+-------+------------------------------------------------------------+-------------------------------------+---------------+-------+----------+
| RefNo | Title                                                      | Author                              | ISBN          | Year  | Category |
+-------+------------------------------------------------------------+-------------------------------------+---------------+-------+----------+
| 12    | Test Add Book                                              | Althea Cruz                         | 1234567890123 | 2020  | Inspiring |
+-------+------------------------------------------------------------+-------------------------------------+---------------+-------+----------+
]]></system-out>
    <system-err><![CDATA[Jun 26, 2024 4:06:01 PM com.altheacruz.library.service.implementation.LibraryServiceImplementation addBook
INFO: Book added: Book{refNo=1, title='Harry Potter and the Philosopher's Stone', author='J.K. Rowling', ISBN='9780590353403', pubYear=1997}, Genre='Fantasy'}
Jun 26, 2024 4:06:01 PM com.altheacruz.library.service.implementation.LibraryServiceImplementation addBook
INFO: Book added: Book{refNo=2, title='To Kill a Mockingbird', author='Harper Lee', ISBN='9780061120084', pubYear=1960}, Genre='Classic'}
Jun 26, 2024 4:06:01 PM com.altheacruz.library.service.implementation.LibraryServiceImplementation addBook
INFO: Book added: Book{refNo=3, title='Sapiens: A Brief History of Humankind', author='Yuval Noah Harari', ISBN='9780062316097', pubYear=2011}, Subject='History'}
Jun 26, 2024 4:06:01 PM com.altheacruz.library.service.implementation.LibraryServiceImplementation addBook
INFO: Book added: Book{refNo=4, title='The Elements of Style', author='William Strunk Jr. and E.B. White', ISBN='9780205309023', pubYear=1918}, Subject='Language'}
Jun 26, 2024 4:06:01 PM com.altheacruz.library.service.implementation.LibraryServiceImplementation addBook
INFO: Book added: Book{refNo=5, title='The Great Gatsby', author='F. Scott Fitzgerald', ISBN='9780743273565', pubYear=1925}, Genre='Classic'}
Jun 26, 2024 4:06:01 PM com.altheacruz.library.service.implementation.LibraryServiceImplementation addBook
INFO: Book added: Book{refNo=12, title='Test Add Book', author='Althea Cruz', ISBN='1234567890123', pubYear=2020}, Genre='Inspiring'}
]]></system-err>
  </testcase>
  <testcase name="testSearchBooksByTitle" classname="com.altheacruz.library.service.LibraryTest" time="0.014">
    <system-out><![CDATA[Book added successfully:
+-------+------------------------------------------------------------+-------------------------------------+---------------+-------+----------+
| RefNo | Title                                                      | Author                              | ISBN          | Year  | Category |
+-------+------------------------------------------------------------+-------------------------------------+---------------+-------+----------+
| 1     | Harry Potter and the Philosopher's Stone                   | J.K. Rowling                        | 9780590353403 | 1997  | Fantasy  |
+-------+------------------------------------------------------------+-------------------------------------+---------------+-------+----------+
Book added successfully:
+-------+------------------------------------------------------------+-------------------------------------+---------------+-------+----------+
| RefNo | Title                                                      | Author                              | ISBN          | Year  | Category |
+-------+------------------------------------------------------------+-------------------------------------+---------------+-------+----------+
| 2     | To Kill a Mockingbird                                      | Harper Lee                          | 9780061120084 | 1960  | Classic  |
+-------+------------------------------------------------------------+-------------------------------------+---------------+-------+----------+
Book added successfully:
+-------+------------------------------------------------------------+-------------------------------------+---------------+-------+----------+
| RefNo | Title                                                      | Author                              | ISBN          | Year  | Category |
+-------+------------------------------------------------------------+-------------------------------------+---------------+-------+----------+
| 3     | Sapiens: A Brief History of Humankind                      | Yuval Noah Harari                   | 9780062316097 | 2011  | History  |
+-------+------------------------------------------------------------+-------------------------------------+---------------+-------+----------+
Book added successfully:
+-------+------------------------------------------------------------+-------------------------------------+---------------+-------+----------+
| RefNo | Title                                                      | Author                              | ISBN          | Year  | Category |
+-------+------------------------------------------------------------+-------------------------------------+---------------+-------+----------+
| 4     | The Elements of Style                                      | William Strunk Jr. and E.B. White   | 9780205309023 | 1918  | Language |
+-------+------------------------------------------------------------+-------------------------------------+---------------+-------+----------+
Book added successfully:
+-------+------------------------------------------------------------+-------------------------------------+---------------+-------+----------+
| RefNo | Title                                                      | Author                              | ISBN          | Year  | Category |
+-------+------------------------------------------------------------+-------------------------------------+---------------+-------+----------+
| 5     | The Great Gatsby                                           | F. Scott Fitzgerald                 | 9780743273565 | 1925  | Classic  |
+-------+------------------------------------------------------------+-------------------------------------+---------------+-------+----------+
Book added successfully:
+-------+------------------------------------------------------------+-------------------------------------+---------------+-------+----------+
| RefNo | Title                                                      | Author                              | ISBN          | Year  | Category |
+-------+------------------------------------------------------------+-------------------------------------+---------------+-------+----------+
| 9     | The beginning                                              | Althea Cruz                         | 9988776655443 | 2022  | Adventure |
+-------+------------------------------------------------------------+-------------------------------------+---------------+-------+----------+
Book added successfully:
+-------+------------------------------------------------------------+-------------------------------------+---------------+-------+----------+
| RefNo | Title                                                      | Author                              | ISBN          | Year  | Category |
+-------+------------------------------------------------------------+-------------------------------------+---------------+-------+----------+
| 10    | The End                                                    | Althea Cruz                         | 2233445566778 | 2023  | Thriller |
+-------+------------------------------------------------------------+-------------------------------------+---------------+-------+----------+
Displaying 5 of 5 results:
+-------+------------------------------------------------------------+-------------------------------------+---------------+-------+----------+
| RefNo | Title                                                      | Author                              | ISBN          | Year  | Category |
+-------+------------------------------------------------------------+-------------------------------------+---------------+-------+----------+
| 1     | Harry Potter and the Philosopher's Stone                   | J.K. Rowling                        | 9780590353403 | 1997  | Fantasy  |
| 4     | The Elements of Style                                      | William Strunk Jr. and E.B. White   | 9780205309023 | 1918  | Language |
| 5     | The Great Gatsby                                           | F. Scott Fitzgerald                 | 9780743273565 | 1925  | Classic  |
| 9     | The beginning                                              | Althea Cruz                         | 9988776655443 | 2022  | Adventure |
| 10    | The End                                                    | Althea Cruz                         | 2233445566778 | 2023  | Thriller |
+-------+------------------------------------------------------------+-------------------------------------+---------------+-------+----------+
]]></system-out>
    <system-err><![CDATA[Jun 26, 2024 4:06:01 PM com.altheacruz.library.service.implementation.LibraryServiceImplementation addBook
INFO: Book added: Book{refNo=1, title='Harry Potter and the Philosopher's Stone', author='J.K. Rowling', ISBN='9780590353403', pubYear=1997}, Genre='Fantasy'}
Jun 26, 2024 4:06:01 PM com.altheacruz.library.service.implementation.LibraryServiceImplementation addBook
INFO: Book added: Book{refNo=2, title='To Kill a Mockingbird', author='Harper Lee', ISBN='9780061120084', pubYear=1960}, Genre='Classic'}
Jun 26, 2024 4:06:01 PM com.altheacruz.library.service.implementation.LibraryServiceImplementation addBook
INFO: Book added: Book{refNo=3, title='Sapiens: A Brief History of Humankind', author='Yuval Noah Harari', ISBN='9780062316097', pubYear=2011}, Subject='History'}
Jun 26, 2024 4:06:01 PM com.altheacruz.library.service.implementation.LibraryServiceImplementation addBook
INFO: Book added: Book{refNo=4, title='The Elements of Style', author='William Strunk Jr. and E.B. White', ISBN='9780205309023', pubYear=1918}, Subject='Language'}
Jun 26, 2024 4:06:01 PM com.altheacruz.library.service.implementation.LibraryServiceImplementation addBook
INFO: Book added: Book{refNo=5, title='The Great Gatsby', author='F. Scott Fitzgerald', ISBN='9780743273565', pubYear=1925}, Genre='Classic'}
Jun 26, 2024 4:06:01 PM com.altheacruz.library.service.implementation.LibraryServiceImplementation addBook
INFO: Book added: Book{refNo=9, title='The beginning', author='Althea Cruz', ISBN='9988776655443', pubYear=2022}, Genre='Adventure'}
Jun 26, 2024 4:06:01 PM com.altheacruz.library.service.implementation.LibraryServiceImplementation addBook
INFO: Book added: Book{refNo=10, title='The End', author='Althea Cruz', ISBN='2233445566778', pubYear=2023}, Genre='Thriller'}
]]></system-err>
  </testcase>
  <testcase name="testRemoveBook" classname="com.altheacruz.library.service.LibraryTest" time="0.01">
    <system-out><![CDATA[Book added successfully:
+-------+------------------------------------------------------------+-------------------------------------+---------------+-------+----------+
| RefNo | Title                                                      | Author                              | ISBN          | Year  | Category |
+-------+------------------------------------------------------------+-------------------------------------+---------------+-------+----------+
| 1     | Harry Potter and the Philosopher's Stone                   | J.K. Rowling                        | 9780590353403 | 1997  | Fantasy  |
+-------+------------------------------------------------------------+-------------------------------------+---------------+-------+----------+
Book added successfully:
+-------+------------------------------------------------------------+-------------------------------------+---------------+-------+----------+
| RefNo | Title                                                      | Author                              | ISBN          | Year  | Category |
+-------+------------------------------------------------------------+-------------------------------------+---------------+-------+----------+
| 2     | To Kill a Mockingbird                                      | Harper Lee                          | 9780061120084 | 1960  | Classic  |
+-------+------------------------------------------------------------+-------------------------------------+---------------+-------+----------+
Book added successfully:
+-------+------------------------------------------------------------+-------------------------------------+---------------+-------+----------+
| RefNo | Title                                                      | Author                              | ISBN          | Year  | Category |
+-------+------------------------------------------------------------+-------------------------------------+---------------+-------+----------+
| 3     | Sapiens: A Brief History of Humankind                      | Yuval Noah Harari                   | 9780062316097 | 2011  | History  |
+-------+------------------------------------------------------------+-------------------------------------+---------------+-------+----------+
Book added successfully:
+-------+------------------------------------------------------------+-------------------------------------+---------------+-------+----------+
| RefNo | Title                                                      | Author                              | ISBN          | Year  | Category |
+-------+------------------------------------------------------------+-------------------------------------+---------------+-------+----------+
| 4     | The Elements of Style                                      | William Strunk Jr. and E.B. White   | 9780205309023 | 1918  | Language |
+-------+------------------------------------------------------------+-------------------------------------+---------------+-------+----------+
Book added successfully:
+-------+------------------------------------------------------------+-------------------------------------+---------------+-------+----------+
| RefNo | Title                                                      | Author                              | ISBN          | Year  | Category |
+-------+------------------------------------------------------------+-------------------------------------+---------------+-------+----------+
| 5     | The Great Gatsby                                           | F. Scott Fitzgerald                 | 9780743273565 | 1925  | Classic  |
+-------+------------------------------------------------------------+-------------------------------------+---------------+-------+----------+
Book added successfully:
+-------+------------------------------------------------------------+-------------------------------------+---------------+-------+----------+
| RefNo | Title                                                      | Author                              | ISBN          | Year  | Category |
+-------+------------------------------------------------------------+-------------------------------------+---------------+-------+----------+
| 55    | Test Remove Book                                           | Althea Cruz                         | 9876543210987 | 2019  | Mathematics |
+-------+------------------------------------------------------------+-------------------------------------+---------------+-------+----------+
]]></system-out>
    <system-err><![CDATA[Jun 26, 2024 4:06:01 PM com.altheacruz.library.service.implementation.LibraryServiceImplementation addBook
INFO: Book added: Book{refNo=1, title='Harry Potter and the Philosopher's Stone', author='J.K. Rowling', ISBN='9780590353403', pubYear=1997}, Genre='Fantasy'}
Jun 26, 2024 4:06:01 PM com.altheacruz.library.service.implementation.LibraryServiceImplementation addBook
INFO: Book added: Book{refNo=2, title='To Kill a Mockingbird', author='Harper Lee', ISBN='9780061120084', pubYear=1960}, Genre='Classic'}
Jun 26, 2024 4:06:01 PM com.altheacruz.library.service.implementation.LibraryServiceImplementation addBook
INFO: Book added: Book{refNo=3, title='Sapiens: A Brief History of Humankind', author='Yuval Noah Harari', ISBN='9780062316097', pubYear=2011}, Subject='History'}
Jun 26, 2024 4:06:01 PM com.altheacruz.library.service.implementation.LibraryServiceImplementation addBook
INFO: Book added: Book{refNo=4, title='The Elements of Style', author='William Strunk Jr. and E.B. White', ISBN='9780205309023', pubYear=1918}, Subject='Language'}
Jun 26, 2024 4:06:01 PM com.altheacruz.library.service.implementation.LibraryServiceImplementation addBook
INFO: Book added: Book{refNo=5, title='The Great Gatsby', author='F. Scott Fitzgerald', ISBN='9780743273565', pubYear=1925}, Genre='Classic'}
Jun 26, 2024 4:06:01 PM com.altheacruz.library.service.implementation.LibraryServiceImplementation addBook
INFO: Book added: Book{refNo=55, title='Test Remove Book', author='Althea Cruz', ISBN='9876543210987', pubYear=2019}, Subject='Mathematics'}
Jun 26, 2024 4:06:01 PM com.altheacruz.library.service.implementation.LibraryServiceImplementation removeBook
INFO: Book removed: Book{refNo=55, title='Test Remove Book', author='Althea Cruz', ISBN='9876543210987', pubYear=2019}, Subject='Mathematics'}
]]></system-err>
  </testcase>
  <testcase name="testAddDuplicateBook" classname="com.altheacruz.library.service.LibraryTest" time="0.007">
    <system-out><![CDATA[Book added successfully:
+-------+------------------------------------------------------------+-------------------------------------+---------------+-------+----------+
| RefNo | Title                                                      | Author                              | ISBN          | Year  | Category |
+-------+------------------------------------------------------------+-------------------------------------+---------------+-------+----------+
| 1     | Harry Potter and the Philosopher's Stone                   | J.K. Rowling                        | 9780590353403 | 1997  | Fantasy  |
+-------+------------------------------------------------------------+-------------------------------------+---------------+-------+----------+
Book added successfully:
+-------+------------------------------------------------------------+-------------------------------------+---------------+-------+----------+
| RefNo | Title                                                      | Author                              | ISBN          | Year  | Category |
+-------+------------------------------------------------------------+-------------------------------------+---------------+-------+----------+
| 2     | To Kill a Mockingbird                                      | Harper Lee                          | 9780061120084 | 1960  | Classic  |
+-------+------------------------------------------------------------+-------------------------------------+---------------+-------+----------+
Book added successfully:
+-------+------------------------------------------------------------+-------------------------------------+---------------+-------+----------+
| RefNo | Title                                                      | Author                              | ISBN          | Year  | Category |
+-------+------------------------------------------------------------+-------------------------------------+---------------+-------+----------+
| 3     | Sapiens: A Brief History of Humankind                      | Yuval Noah Harari                   | 9780062316097 | 2011  | History  |
+-------+------------------------------------------------------------+-------------------------------------+---------------+-------+----------+
Book added successfully:
+-------+------------------------------------------------------------+-------------------------------------+---------------+-------+----------+
| RefNo | Title                                                      | Author                              | ISBN          | Year  | Category |
+-------+------------------------------------------------------------+-------------------------------------+---------------+-------+----------+
| 4     | The Elements of Style                                      | William Strunk Jr. and E.B. White   | 9780205309023 | 1918  | Language |
+-------+------------------------------------------------------------+-------------------------------------+---------------+-------+----------+
Book added successfully:
+-------+------------------------------------------------------------+-------------------------------------+---------------+-------+----------+
| RefNo | Title                                                      | Author                              | ISBN          | Year  | Category |
+-------+------------------------------------------------------------+-------------------------------------+---------------+-------+----------+
| 5     | The Great Gatsby                                           | F. Scott Fitzgerald                 | 9780743273565 | 1925  | Classic  |
+-------+------------------------------------------------------------+-------------------------------------+---------------+-------+----------+
Book added successfully:
+-------+------------------------------------------------------------+-------------------------------------+---------------+-------+----------+
| RefNo | Title                                                      | Author                              | ISBN          | Year  | Category |
+-------+------------------------------------------------------------+-------------------------------------+---------------+-------+----------+
| 13    | Test Duplicate Book                                        | Althea Cruz                         | 1234567890123 | 2020  | Fantasy  |
+-------+------------------------------------------------------------+-------------------------------------+---------------+-------+----------+
]]></system-out>
    <system-err><![CDATA[Jun 26, 2024 4:06:01 PM com.altheacruz.library.service.implementation.LibraryServiceImplementation addBook
INFO: Book added: Book{refNo=1, title='Harry Potter and the Philosopher's Stone', author='J.K. Rowling', ISBN='9780590353403', pubYear=1997}, Genre='Fantasy'}
Jun 26, 2024 4:06:01 PM com.altheacruz.library.service.implementation.LibraryServiceImplementation addBook
INFO: Book added: Book{refNo=2, title='To Kill a Mockingbird', author='Harper Lee', ISBN='9780061120084', pubYear=1960}, Genre='Classic'}
Jun 26, 2024 4:06:01 PM com.altheacruz.library.service.implementation.LibraryServiceImplementation addBook
INFO: Book added: Book{refNo=3, title='Sapiens: A Brief History of Humankind', author='Yuval Noah Harari', ISBN='9780062316097', pubYear=2011}, Subject='History'}
Jun 26, 2024 4:06:01 PM com.altheacruz.library.service.implementation.LibraryServiceImplementation addBook
INFO: Book added: Book{refNo=4, title='The Elements of Style', author='William Strunk Jr. and E.B. White', ISBN='9780205309023', pubYear=1918}, Subject='Language'}
Jun 26, 2024 4:06:01 PM com.altheacruz.library.service.implementation.LibraryServiceImplementation addBook
INFO: Book added: Book{refNo=5, title='The Great Gatsby', author='F. Scott Fitzgerald', ISBN='9780743273565', pubYear=1925}, Genre='Classic'}
Jun 26, 2024 4:06:01 PM com.altheacruz.library.service.implementation.LibraryServiceImplementation addBook
INFO: Book added: Book{refNo=13, title='Test Duplicate Book', author='Althea Cruz', ISBN='1234567890123', pubYear=2020}, Genre='Fantasy'}
Jun 26, 2024 4:06:01 PM com.altheacruz.library.service.implementation.LibraryServiceImplementation addBook
WARNING: Book with reference number 13 already exists.
]]></system-err>
  </testcase>
  <testcase name="testShowAllBooks" classname="com.altheacruz.library.service.LibraryTest" time="0.002">
    <system-out><![CDATA[Book added successfully:
+-------+------------------------------------------------------------+-------------------------------------+---------------+-------+----------+
| RefNo | Title                                                      | Author                              | ISBN          | Year  | Category |
+-------+------------------------------------------------------------+-------------------------------------+---------------+-------+----------+
| 1     | Harry Potter and the Philosopher's Stone                   | J.K. Rowling                        | 9780590353403 | 1997  | Fantasy  |
+-------+------------------------------------------------------------+-------------------------------------+---------------+-------+----------+
Book added successfully:
+-------+------------------------------------------------------------+-------------------------------------+---------------+-------+----------+
| RefNo | Title                                                      | Author                              | ISBN          | Year  | Category |
+-------+------------------------------------------------------------+-------------------------------------+---------------+-------+----------+
| 2     | To Kill a Mockingbird                                      | Harper Lee                          | 9780061120084 | 1960  | Classic  |
+-------+------------------------------------------------------------+-------------------------------------+---------------+-------+----------+
Book added successfully:
+-------+------------------------------------------------------------+-------------------------------------+---------------+-------+----------+
| RefNo | Title                                                      | Author                              | ISBN          | Year  | Category |
+-------+------------------------------------------------------------+-------------------------------------+---------------+-------+----------+
| 3     | Sapiens: A Brief History of Humankind                      | Yuval Noah Harari                   | 9780062316097 | 2011  | History  |
+-------+------------------------------------------------------------+-------------------------------------+---------------+-------+----------+
Book added successfully:
+-------+------------------------------------------------------------+-------------------------------------+---------------+-------+----------+
| RefNo | Title                                                      | Author                              | ISBN          | Year  | Category |
+-------+------------------------------------------------------------+-------------------------------------+---------------+-------+----------+
| 4     | The Elements of Style                                      | William Strunk Jr. and E.B. White   | 9780205309023 | 1918  | Language |
+-------+------------------------------------------------------------+-------------------------------------+---------------+-------+----------+
Book added successfully:
+-------+------------------------------------------------------------+-------------------------------------+---------------+-------+----------+
| RefNo | Title                                                      | Author                              | ISBN          | Year  | Category |
+-------+------------------------------------------------------------+-------------------------------------+---------------+-------+----------+
| 5     | The Great Gatsby                                           | F. Scott Fitzgerald                 | 9780743273565 | 1925  | Classic  |
+-------+------------------------------------------------------------+-------------------------------------+---------------+-------+----------+
Book added successfully:
+-------+------------------------------------------------------------+-------------------------------------+---------------+-------+----------+
| RefNo | Title                                                      | Author                              | ISBN          | Year  | Category |
+-------+------------------------------------------------------------+-------------------------------------+---------------+-------+----------+
| 8     | Another Book                                               | Althea Cruz                         | 1122334455667 | 2021  | Adventure |
+-------+------------------------------------------------------------+-------------------------------------+---------------+-------+----------+
]]></system-out>
    <system-err><![CDATA[Jun 26, 2024 4:06:01 PM com.altheacruz.library.service.implementation.LibraryServiceImplementation addBook
INFO: Book added: Book{refNo=1, title='Harry Potter and the Philosopher's Stone', author='J.K. Rowling', ISBN='9780590353403', pubYear=1997}, Genre='Fantasy'}
Jun 26, 2024 4:06:01 PM com.altheacruz.library.service.implementation.LibraryServiceImplementation addBook
INFO: Book added: Book{refNo=2, title='To Kill a Mockingbird', author='Harper Lee', ISBN='9780061120084', pubYear=1960}, Genre='Classic'}
Jun 26, 2024 4:06:01 PM com.altheacruz.library.service.implementation.LibraryServiceImplementation addBook
INFO: Book added: Book{refNo=3, title='Sapiens: A Brief History of Humankind', author='Yuval Noah Harari', ISBN='9780062316097', pubYear=2011}, Subject='History'}
Jun 26, 2024 4:06:01 PM com.altheacruz.library.service.implementation.LibraryServiceImplementation addBook
INFO: Book added: Book{refNo=4, title='The Elements of Style', author='William Strunk Jr. and E.B. White', ISBN='9780205309023', pubYear=1918}, Subject='Language'}
Jun 26, 2024 4:06:01 PM com.altheacruz.library.service.implementation.LibraryServiceImplementation addBook
INFO: Book added: Book{refNo=5, title='The Great Gatsby', author='F. Scott Fitzgerald', ISBN='9780743273565', pubYear=1925}, Genre='Classic'}
Jun 26, 2024 4:06:01 PM com.altheacruz.library.service.implementation.LibraryServiceImplementation addBook
INFO: Book added: Book{refNo=8, title='Another Book', author='Althea Cruz', ISBN='1122334455667', pubYear=2021}, Genre='Adventure'}
]]></system-err>
  </testcase>
</testsuite>